<?xml version="1.0" encoding="UTF-8"?>
<robot generator="Robot 7.3 (Python 3.13.0 on win32)" generated="2025-06-16T20:08:28.924865" rpa="false" schemaversion="5">
<suite id="s1" name="Teste1" source="c:\Users\julia.leal\Documents\aula robot\teste1.robot">
<test id="s1-t1" name="Login com credenciais válidas" line="12">
<kw name="Abrir página do SauceDemo" type="SETUP">
<kw name="Open Browser" owner="SeleniumLibrary">
<msg time="2025-06-16T20:08:29.245632" level="INFO">Opening browser 'chrome' to base url 'https://www.saucedemo.com/'.</msg>
<arg>${URL}</arg>
<arg>chrome</arg>
<doc>Opens a new browser instance to the optional ``url``.</doc>
<status status="PASS" start="2025-06-16T20:08:29.245389" elapsed="3.991409"/>
</kw>
<kw name="Maximize Browser Window" owner="SeleniumLibrary">
<doc>Maximizes current browser window.</doc>
<status status="PASS" start="2025-06-16T20:08:33.237225" elapsed="0.395816"/>
</kw>
<status status="PASS" start="2025-06-16T20:08:29.244377" elapsed="4.388843"/>
</kw>
<kw name="Inserir username">
<kw name="Input Text" owner="SeleniumLibrary">
<msg time="2025-06-16T20:08:33.634661" level="INFO">Typing text 'standard_user' into text field 'id:user-name'.</msg>
<arg>id:user-name</arg>
<arg>${username}</arg>
<doc>Types the given ``text`` into the text field identified by ``locator``.</doc>
<status status="PASS" start="2025-06-16T20:08:33.634266" elapsed="0.085935"/>
</kw>
<arg>${VALID_USER}</arg>
<status status="PASS" start="2025-06-16T20:08:33.633844" elapsed="0.086525"/>
</kw>
<kw name="Inserir senha">
<kw name="Input Password" owner="SeleniumLibrary">
<msg time="2025-06-16T20:08:33.721246" level="INFO">Typing password into text field 'id:password'.</msg>
<msg time="2025-06-16T20:08:33.742832" level="INFO">Temporally setting log level to: NONE</msg>
<arg>id:password</arg>
<arg>${password}</arg>
<doc>Types the given password into the text field identified by ``locator``.</doc>
<status status="PASS" start="2025-06-16T20:08:33.721038" elapsed="0.057953"/>
</kw>
<arg>${VALID_PASS}</arg>
<status status="PASS" start="2025-06-16T20:08:33.720724" elapsed="0.058421"/>
</kw>
<kw name="Clicar no botão login">
<kw name="Click Button" owner="SeleniumLibrary">
<msg time="2025-06-16T20:08:33.779948" level="INFO">Clicking button 'id:login-button'.</msg>
<arg>id:login-button</arg>
<doc>Clicks the button identified by ``locator``.</doc>
<status status="PASS" start="2025-06-16T20:08:33.779785" elapsed="0.067420"/>
</kw>
<status status="PASS" start="2025-06-16T20:08:33.779534" elapsed="0.067846"/>
</kw>
<kw name="Verificar login bem-sucedido">
<kw name="Wait Until Page Contains Element" owner="SeleniumLibrary">
<arg>class:inventory_list</arg>
<arg>5s</arg>
<doc>Waits until the element ``locator`` appears on the current page.</doc>
<status status="PASS" start="2025-06-16T20:08:33.847993" elapsed="0.007819"/>
</kw>
<status status="PASS" start="2025-06-16T20:08:33.847730" elapsed="0.008357"/>
</kw>
<kw name="Fechar navegador">
<kw name="Close Browser" owner="SeleniumLibrary">
<doc>Closes the current browser.</doc>
<status status="PASS" start="2025-06-16T20:08:33.857096" elapsed="2.148659"/>
</kw>
<status status="PASS" start="2025-06-16T20:08:33.856556" elapsed="2.149365"/>
</kw>
<status status="PASS" start="2025-06-16T20:08:29.243562" elapsed="6.762687"/>
</test>
<status status="PASS" start="2025-06-16T20:08:28.929324" elapsed="7.078856"/>
</suite>
<statistics>
<total>
<stat pass="1" fail="0" skip="0">All Tests</stat>
</total>
<tag>
</tag>
<suite>
<stat name="Teste1" id="s1" pass="1" fail="0" skip="0">Teste1</stat>
</suite>
</statistics>
<errors>
</errors>
</robot>
